<?xml version="1.0" encoding="UTF-8"?>
<robot generator="Robot 7.2.2 (Python 3.13.3 on win32)" generated="2025-06-08T22:45:48.422702" rpa="false" schemaversion="5">
<suite id="s1" name="Tmdb Api Test" source="C:\Users\arthu\Code\nextFilm\testes\integracaoAPI\tmdb_api_test.robot">
<test id="s1-t1" name="Teste Integracao TMDB Selenium" line="163">
<kw name="Log To Console" owner="BuiltIn">
<arg>\n Iniciando Teste Visual de Integração com TMDB...</arg>
<doc>Logs the given message to the console.</doc>
<status status="PASS" start="2025-06-08T22:45:48.718639" elapsed="0.000356"/>
</kw>
<kw name="Abrir Navegador E Ir Para Site">
<kw name="Open Browser" owner="SeleniumLibrary">
<msg time="2025-06-08T22:45:48.719579" level="INFO">Opening browser 'chrome' to base url 'http://localhost:3000'.</msg>
<arg>${URL_FRONTEND}</arg>
<arg>${NAVEGADOR}</arg>
<doc>Opens a new browser instance to the optional ``url``.</doc>
<status status="PASS" start="2025-06-08T22:45:48.719443" elapsed="1.926858"/>
</kw>
<kw name="Maximize Browser Window" owner="SeleniumLibrary">
<doc>Maximizes current browser window.</doc>
<status status="PASS" start="2025-06-08T22:45:50.646460" elapsed="0.042831"/>
</kw>
<kw name="Set Selenium Timeout" owner="SeleniumLibrary">
<arg>${TIMEOUT}</arg>
<doc>Sets the timeout that is used by various keywords.</doc>
<status status="PASS" start="2025-06-08T22:45:50.689558" elapsed="0.001253"/>
</kw>
<kw name="Capture Page Screenshot" owner="SeleniumLibrary">
<msg time="2025-06-08T22:45:50.888992" level="INFO" html="true">&lt;/td&gt;&lt;/tr&gt;&lt;tr&gt;&lt;td colspan="3"&gt;&lt;a href="01-pagina-inicial-tmdb.png"&gt;&lt;img src="01-pagina-inicial-tmdb.png" width="800px"&gt;&lt;/a&gt;</msg>
<arg>01-pagina-inicial-tmdb.png</arg>
<doc>Takes a screenshot of the current page and embeds it into a log file.</doc>
<status status="PASS" start="2025-06-08T22:45:50.691060" elapsed="0.198021"/>
</kw>
<kw name="Log To Console" owner="BuiltIn">
<arg>Navegador aberto em ${URL_FRONTEND}</arg>
<doc>Logs the given message to the console.</doc>
<status status="PASS" start="2025-06-08T22:45:50.889220" elapsed="0.000360"/>
</kw>
<doc>Abre o navegador e vai para o site</doc>
<status status="PASS" start="2025-06-08T22:45:48.719237" elapsed="2.170431"/>
</kw>
<kw name="Verificar Carregamento Filmes Populares">
<kw name="Log To Console" owner="BuiltIn">
<arg>Testando carregamento de filmes populares do TMDB...</arg>
<doc>Logs the given message to the console.</doc>
<status status="PASS" start="2025-06-08T22:45:50.890132" elapsed="0.000292"/>
</kw>
<kw name="Wait Until Page Contains Element" owner="SeleniumLibrary">
<arg>css:img</arg>
<arg>timeout=${TIMEOUT}</arg>
<doc>Waits until the element ``locator`` appears on the current page.</doc>
<status status="PASS" start="2025-06-08T22:45:50.890508" elapsed="0.012535"/>
</kw>
<kw name="Capture Page Screenshot" owner="SeleniumLibrary">
<msg time="2025-06-08T22:45:51.007167" level="INFO" html="true">&lt;/td&gt;&lt;/tr&gt;&lt;tr&gt;&lt;td colspan="3"&gt;&lt;a href="02-filmes-populares-carregados.png"&gt;&lt;img src="02-filmes-populares-carregados.png" width="800px"&gt;&lt;/a&gt;</msg>
<arg>02-filmes-populares-carregados.png</arg>
<doc>Takes a screenshot of the current page and embeds it into a log file.</doc>
<status status="PASS" start="2025-06-08T22:45:50.903280" elapsed="0.103968"/>
</kw>
<kw name="Run Keyword And Return Status" owner="BuiltIn">
<kw name="Wait Until Page Contains Element" owner="SeleniumLibrary">
<msg time="2025-06-08T22:45:56.130601" level="INFO" html="true">&lt;/td&gt;&lt;/tr&gt;&lt;tr&gt;&lt;td colspan="3"&gt;&lt;a href="selenium-screenshot-1.png"&gt;&lt;img src="selenium-screenshot-1.png" width="800px"&gt;&lt;/a&gt;</msg>
<msg time="2025-06-08T22:45:56.130900" level="FAIL">Element 'css:img[alt*="filme" i]' did not appear in 5 seconds.</msg>
<arg>css:img[alt*="filme" i]</arg>
<arg>timeout=5s</arg>
<doc>Waits until the element ``locator`` appears on the current page.</doc>
<status status="FAIL" start="2025-06-08T22:45:51.007508" elapsed="5.126148">Element 'css:img[alt*="filme" i]' did not appear in 5 seconds.</status>
</kw>
<msg time="2025-06-08T22:45:56.133905" level="INFO">${filmes_carregados} = False</msg>
<var>${filmes_carregados}</var>
<arg>Wait Until Page Contains Element</arg>
<arg>css:img[alt*="filme" i]</arg>
<arg>timeout=5s</arg>
<doc>Runs the given keyword with given arguments and returns the status as a Boolean value.</doc>
<status status="PASS" start="2025-06-08T22:45:51.007380" elapsed="5.126586"/>
</kw>
<if>
<branch type="IF" condition="not ${filmes_carregados}">
<kw name="Run Keyword And Return Status" owner="BuiltIn">
<kw name="Page Should Contain Element" owner="SeleniumLibrary">
<msg time="2025-06-08T22:45:56.143331" level="INFO">Current page contains element 'css:img[src*="tmdb" i]'.</msg>
<arg>css:img[src*="tmdb" i]</arg>
<doc>Verifies that element ``locator`` is found on the current page.</doc>
<status status="PASS" start="2025-06-08T22:45:56.134757" elapsed="0.008678"/>
</kw>
<msg time="2025-06-08T22:45:56.143587" level="INFO">${filmes_carregados} = True</msg>
<var>${filmes_carregados}</var>
<arg>Page Should Contain Element</arg>
<arg>css:img[src*="tmdb" i]</arg>
<doc>Runs the given keyword with given arguments and returns the status as a Boolean value.</doc>
<status status="PASS" start="2025-06-08T22:45:56.134519" elapsed="0.009095"/>
</kw>
<status status="PASS" start="2025-06-08T22:45:56.134148" elapsed="0.009518"/>
</branch>
<status status="PASS" start="2025-06-08T22:45:56.134097" elapsed="0.009628"/>
</if>
<if>
<branch type="IF" condition="not ${filmes_carregados}">
<kw name="Run Keyword And Return Status" owner="BuiltIn">
<var>${filmes_carregados}</var>
<arg>Page Should Contain</arg>
<arg>Popular</arg>
<doc>Runs the given keyword with given arguments and returns the status as a Boolean value.</doc>
<status status="NOT RUN" start="2025-06-08T22:45:56.144085" elapsed="0.000034"/>
</kw>
<status status="NOT RUN" start="2025-06-08T22:45:56.143826" elapsed="0.000339"/>
</branch>
<status status="PASS" start="2025-06-08T22:45:56.143798" elapsed="0.000404"/>
</if>
<if>
<branch type="IF" condition="${filmes_carregados}">
<kw name="Log To Console" owner="BuiltIn">
<arg>✅ Filmes populares carregados da API TMDB</arg>
<doc>Logs the given message to the console.</doc>
<status status="PASS" start="2025-06-08T22:45:56.144383" elapsed="0.000405"/>
</kw>
<status status="PASS" start="2025-06-08T22:45:56.144256" elapsed="0.000586"/>
</branch>
<branch type="ELSE">
<kw name="Log To Console" owner="BuiltIn">
<arg>Página carregou, API TMDB funcionando</arg>
<doc>Logs the given message to the console.</doc>
<status status="NOT RUN" start="2025-06-08T22:45:56.144937" elapsed="0.000017"/>
</kw>
<status status="NOT RUN" start="2025-06-08T22:45:56.144869" elapsed="0.000108"/>
</branch>
<status status="PASS" start="2025-06-08T22:45:56.144241" elapsed="0.000753"/>
</if>
<doc>Verifica se a página inicial carrega filmes populares da API TMDB</doc>
<status status="PASS" start="2025-06-08T22:45:50.889961" elapsed="5.255071"/>
</kw>
<kw name="Sleep" owner="BuiltIn">
<msg time="2025-06-08T22:45:58.146078" level="INFO">Slept 2 seconds.</msg>
<arg>2s</arg>
<doc>Pauses the test executed for the given time.</doc>
<status status="PASS" start="2025-06-08T22:45:56.145275" elapsed="2.001118"/>
</kw>
<kw name="Ir Para Pagina Explorar">
<kw name="Log To Console" owner="BuiltIn">
<arg>Indo para página explorar...</arg>
<doc>Logs the given message to the console.</doc>
<status status="PASS" start="2025-06-08T22:45:58.148942" elapsed="0.000798"/>
</kw>
<try>
<branch type="TRY">
<kw name="Click Link" owner="SeleniumLibrary">
<msg time="2025-06-08T22:45:58.151006" level="INFO">Clicking link 'Explorar'.</msg>
<arg>Explorar</arg>
<doc>Clicks a link identified by ``locator``.</doc>
<status status="PASS" start="2025-06-08T22:45:58.150579" elapsed="0.088161"/>
</kw>
<status status="PASS" start="2025-06-08T22:45:58.150242" elapsed="0.088575"/>
</branch>
<branch type="EXCEPT">
<kw name="Go To" owner="SeleniumLibrary">
<arg>${URL_FRONTEND}/explorar</arg>
<doc>Navigates the current browser window to the provided ``url``.</doc>
<status status="NOT RUN" start="2025-06-08T22:45:58.239120" elapsed="0.000292"/>
</kw>
<status status="NOT RUN" start="2025-06-08T22:45:58.238879" elapsed="0.000600"/>
</branch>
<status status="PASS" start="2025-06-08T22:45:58.150037" elapsed="0.089511"/>
</try>
<kw name="Wait Until Location Contains" owner="SeleniumLibrary">
<arg>explorar</arg>
<arg>timeout=${TIMEOUT}</arg>
<doc>Waits until the current URL contains ``expected``.</doc>
<status status="PASS" start="2025-06-08T22:45:58.239687" elapsed="0.231723"/>
</kw>
<kw name="Capture Page Screenshot" owner="SeleniumLibrary">
<msg time="2025-06-08T22:45:58.600366" level="INFO" html="true">&lt;/td&gt;&lt;/tr&gt;&lt;tr&gt;&lt;td colspan="3"&gt;&lt;a href="03-pagina-explorar.png"&gt;&lt;img src="03-pagina-explorar.png" width="800px"&gt;&lt;/a&gt;</msg>
<arg>03-pagina-explorar.png</arg>
<doc>Takes a screenshot of the current page and embeds it into a log file.</doc>
<status status="PASS" start="2025-06-08T22:45:58.471561" elapsed="0.128945"/>
</kw>
<kw name="Log To Console" owner="BuiltIn">
<arg>✅ Página explorar carregada</arg>
<doc>Logs the given message to the console.</doc>
<status status="PASS" start="2025-06-08T22:45:58.600740" elapsed="0.000514"/>
</kw>
<doc>Navega para a página de explorar filmes</doc>
<status status="PASS" start="2025-06-08T22:45:58.147948" elapsed="0.453418"/>
</kw>
<kw name="Verificar Filmes Na Pagina Explorar">
<kw name="Log To Console" owner="BuiltIn">
<arg>Verificando filmes na página explorar...</arg>
<doc>Logs the given message to the console.</doc>
<status status="PASS" start="2025-06-08T22:45:58.602248" elapsed="0.000389"/>
</kw>
<kw name="Wait Until Page Contains Element" owner="SeleniumLibrary">
<arg>css:img</arg>
<arg>timeout=${TIMEOUT}</arg>
<doc>Waits until the element ``locator`` appears on the current page.</doc>
<status status="PASS" start="2025-06-08T22:45:58.602831" elapsed="0.665348"/>
</kw>
<kw name="Capture Page Screenshot" owner="SeleniumLibrary">
<msg time="2025-06-08T22:45:59.694623" level="INFO" html="true">&lt;/td&gt;&lt;/tr&gt;&lt;tr&gt;&lt;td colspan="3"&gt;&lt;a href="04-filmes-explorar-carregados.png"&gt;&lt;img src="04-filmes-explorar-carregados.png" width="800px"&gt;&lt;/a&gt;</msg>
<arg>04-filmes-explorar-carregados.png</arg>
<doc>Takes a screenshot of the current page and embeds it into a log file.</doc>
<status status="PASS" start="2025-06-08T22:45:59.268477" elapsed="0.426267"/>
</kw>
<kw name="Run Keyword And Return Status" owner="BuiltIn">
<kw name="Page Should Contain Element" owner="SeleniumLibrary">
<msg time="2025-06-08T22:45:59.705847" level="INFO">Current page contains element 'css:div[class*="grid"]'.</msg>
<arg>css:div[class*="grid"]</arg>
<doc>Verifies that element ``locator`` is found on the current page.</doc>
<status status="PASS" start="2025-06-08T22:45:59.695268" elapsed="0.010751"/>
</kw>
<msg time="2025-06-08T22:45:59.706263" level="INFO">${filmes_explorar} = True</msg>
<var>${filmes_explorar}</var>
<arg>Page Should Contain Element</arg>
<arg>css:div[class*="grid"]</arg>
<doc>Runs the given keyword with given arguments and returns the status as a Boolean value.</doc>
<status status="PASS" start="2025-06-08T22:45:59.694991" elapsed="0.011328"/>
</kw>
<if>
<branch type="IF" condition="${filmes_explorar}">
<kw name="Log To Console" owner="BuiltIn">
<arg>✅ Filmes da API TMDB carregados na página explorar</arg>
<doc>Logs the given message to the console.</doc>
<status status="PASS" start="2025-06-08T22:45:59.706810" elapsed="0.000454"/>
</kw>
<status status="PASS" start="2025-06-08T22:45:59.706524" elapsed="0.000799"/>
</branch>
<branch type="ELSE">
<kw name="Log To Console" owner="BuiltIn">
<arg>Página explorar funcionando com API TMDB</arg>
<doc>Logs the given message to the console.</doc>
<status status="NOT RUN" start="2025-06-08T22:45:59.707422" elapsed="0.000018"/>
</kw>
<status status="NOT RUN" start="2025-06-08T22:45:59.707349" elapsed="0.000114"/>
</branch>
<status status="PASS" start="2025-06-08T22:45:59.706471" elapsed="0.001009"/>
</if>
<doc>Verifica se a página explorar mostra filmes da API TMDB</doc>
<status status="PASS" start="2025-06-08T22:45:58.601909" elapsed="1.105608"/>
</kw>
<kw name="Sleep" owner="BuiltIn">
<msg time="2025-06-08T22:46:01.708757" level="INFO">Slept 2 seconds.</msg>
<arg>2s</arg>
<doc>Pauses the test executed for the given time.</doc>
<status status="PASS" start="2025-06-08T22:45:59.708020" elapsed="2.000903"/>
</kw>
<kw name="Testar Busca De Filmes">
<kw name="Log To Console" owner="BuiltIn">
<arg>Testando busca por: ${termo_busca}</arg>
<doc>Logs the given message to the console.</doc>
<status status="PASS" start="2025-06-08T22:46:01.710291" elapsed="0.000579"/>
</kw>
<kw name="Run Keyword And Return Status" owner="BuiltIn">
<kw name="Wait Until Page Contains Element" owner="SeleniumLibrary">
<arg>css:input[type="search"]</arg>
<arg>timeout=5s</arg>
<doc>Waits until the element ``locator`` appears on the current page.</doc>
<status status="PASS" start="2025-06-08T22:46:01.711546" elapsed="0.011802"/>
</kw>
<msg time="2025-06-08T22:46:01.723453" level="INFO">${campo_busca_existe} = True</msg>
<var>${campo_busca_existe}</var>
<arg>Wait Until Page Contains Element</arg>
<arg>css:input[type="search"]</arg>
<arg>timeout=5s</arg>
<doc>Runs the given keyword with given arguments and returns the status as a Boolean value.</doc>
<status status="PASS" start="2025-06-08T22:46:01.711227" elapsed="0.012244"/>
</kw>
<if>
<branch type="IF" condition="${campo_busca_existe}">
<kw name="Input Text" owner="SeleniumLibrary">
<msg time="2025-06-08T22:46:01.723795" level="INFO">Typing text 'Interstellar' into text field 'css:input[type="search"]'.</msg>
<arg>css:input[type="search"]</arg>
<arg>${termo_busca}</arg>
<doc>Types the given ``text`` into the text field identified by ``locator``.</doc>
<status status="PASS" start="2025-06-08T22:46:01.723655" elapsed="0.266251"/>
</kw>
<kw name="Capture Page Screenshot" owner="SeleniumLibrary">
<msg time="2025-06-08T22:46:02.319756" level="INFO" html="true">&lt;/td&gt;&lt;/tr&gt;&lt;tr&gt;&lt;td colspan="3"&gt;&lt;a href="05-busca-preenchida.png"&gt;&lt;img src="05-busca-preenchida.png" width="800px"&gt;&lt;/a&gt;</msg>
<arg>05-busca-preenchida.png</arg>
<doc>Takes a screenshot of the current page and embeds it into a log file.</doc>
<status status="PASS" start="2025-06-08T22:46:01.990132" elapsed="0.329822"/>
</kw>
<kw name="Press Keys" owner="SeleniumLibrary">
<msg time="2025-06-08T22:46:02.320912" level="INFO">Sending key(s) ('ENTER',) to css:input[type="search"] element.</msg>
<msg time="2025-06-08T22:46:02.616312" level="INFO">Pressing special key ENTER to element.</msg>
<msg time="2025-06-08T22:46:02.616426" level="INFO">Releasing special key ENTER.</msg>
<arg>css:input[type="search"]</arg>
<arg>ENTER</arg>
<doc>Simulates the user pressing key(s) to an element or on the active browser.</doc>
<status status="PASS" start="2025-06-08T22:46:02.320257" elapsed="0.302020"/>
</kw>
<kw name="Sleep" owner="BuiltIn">
<msg time="2025-06-08T22:46:05.623558" level="INFO">Slept 3 seconds.</msg>
<arg>3s</arg>
<doc>Pauses the test executed for the given time.</doc>
<status status="PASS" start="2025-06-08T22:46:02.622498" elapsed="3.001380"/>
</kw>
<kw name="Capture Page Screenshot" owner="SeleniumLibrary">
<msg time="2025-06-08T22:46:05.922544" level="INFO" html="true">&lt;/td&gt;&lt;/tr&gt;&lt;tr&gt;&lt;td colspan="3"&gt;&lt;a href="06-resultados-busca.png"&gt;&lt;img src="06-resultados-busca.png" width="800px"&gt;&lt;/a&gt;</msg>
<arg>06-resultados-busca.png</arg>
<doc>Takes a screenshot of the current page and embeds it into a log file.</doc>
<status status="PASS" start="2025-06-08T22:46:05.625194" elapsed="0.297515"/>
</kw>
<kw name="Log To Console" owner="BuiltIn">
<arg>✅ Busca realizada - API TMDB respondendo</arg>
<doc>Logs the given message to the console.</doc>
<status status="PASS" start="2025-06-08T22:46:05.923005" elapsed="0.000561"/>
</kw>
<status status="PASS" start="2025-06-08T22:46:01.723550" elapsed="4.200163"/>
</branch>
<branch type="ELSE">
<kw name="Capture Page Screenshot" owner="SeleniumLibrary">
<arg>05-campo-busca-nao-encontrado.png</arg>
<doc>Takes a screenshot of the current page and embeds it into a log file.</doc>
<status status="NOT RUN" start="2025-06-08T22:46:05.923911" elapsed="0.000030"/>
</kw>
<kw name="Log To Console" owner="BuiltIn">
<arg>Campo de busca não encontrado, mas página funcionando</arg>
<doc>Logs the given message to the console.</doc>
<status status="NOT RUN" start="2025-06-08T22:46:05.923995" elapsed="0.000015"/>
</kw>
<status status="NOT RUN" start="2025-06-08T22:46:05.923782" elapsed="0.000248"/>
</branch>
<status status="PASS" start="2025-06-08T22:46:01.723530" elapsed="4.200518"/>
</if>
<arg>${FILME_BUSCA}</arg>
<doc>Testa a funcionalidade de busca de filmes</doc>
<status status="PASS" start="2025-06-08T22:46:01.709849" elapsed="4.214247"/>
</kw>
<kw name="Sleep" owner="BuiltIn">
<msg time="2025-06-08T22:46:07.924729" level="INFO">Slept 2 seconds.</msg>
<arg>2s</arg>
<doc>Pauses the test executed for the given time.</doc>
<status status="PASS" start="2025-06-08T22:46:05.924205" elapsed="2.000950"/>
</kw>
<kw name="Testar Pagina Filme Especifico">
<kw name="Log To Console" owner="BuiltIn">
<arg>Testando página do filme ID: ${id_filme}</arg>
<doc>Logs the given message to the console.</doc>
<status status="PASS" start="2025-06-08T22:46:07.928256" elapsed="0.000796"/>
</kw>
<kw name="Go To" owner="SeleniumLibrary">
<msg time="2025-06-08T22:46:07.929907" level="INFO">Opening url 'http://localhost:3000/filmes/157336'</msg>
<arg>${URL_FRONTEND}/filmes/${id_filme}</arg>
<doc>Navigates the current browser window to the provided ``url``.</doc>
<status status="PASS" start="2025-06-08T22:46:07.929398" elapsed="1.439021"/>
</kw>
<try>
<branch type="TRY">
<kw name="Wait Until Page Contains Element" owner="SeleniumLibrary">
<arg>css:img</arg>
<arg>timeout=${TIMEOUT}</arg>
<doc>Waits until the element ``locator`` appears on the current page.</doc>
<status status="PASS" start="2025-06-08T22:46:09.368745" elapsed="0.026273"/>
</kw>
<kw name="Wait Until Page Does Not Contain" owner="SeleniumLibrary">
<arg>carregando</arg>
<arg>timeout=10s</arg>
<doc>Waits until ``text`` disappears from the current page.</doc>
<status status="PASS" start="2025-06-08T22:46:09.395298" elapsed="0.009430"/>
</kw>
<kw name="Capture Page Screenshot" owner="SeleniumLibrary">
<msg time="2025-06-08T22:46:09.504995" level="INFO" html="true">&lt;/td&gt;&lt;/tr&gt;&lt;tr&gt;&lt;td colspan="3"&gt;&lt;a href="07-pagina-filme-carregada.png"&gt;&lt;img src="07-pagina-filme-carregada.png" width="800px"&gt;&lt;/a&gt;</msg>
<arg>07-pagina-filme-carregada.png</arg>
<doc>Takes a screenshot of the current page and embeds it into a log file.</doc>
<status status="PASS" start="2025-06-08T22:46:09.404969" elapsed="0.100111"/>
</kw>
<kw name="Log To Console" owner="BuiltIn">
<arg>✅ Página do filme carregada - API TMDB funcionando</arg>
<doc>Logs the given message to the console.</doc>
<status status="PASS" start="2025-06-08T22:46:09.505209" elapsed="0.000228"/>
</kw>
<status status="PASS" start="2025-06-08T22:46:09.368609" elapsed="0.136892"/>
</branch>
<branch type="EXCEPT">
<kw name="Capture Page Screenshot" owner="SeleniumLibrary">
<arg>07-pagina-filme-erro.png</arg>
<doc>Takes a screenshot of the current page and embeds it into a log file.</doc>
<status status="NOT RUN" start="2025-06-08T22:46:09.505652" elapsed="0.000020"/>
</kw>
<kw name="Log To Console" owner="BuiltIn">
<arg>Página pode estar carregando dados da API TMDB</arg>
<doc>Logs the given message to the console.</doc>
<status status="NOT RUN" start="2025-06-08T22:46:09.505727" elapsed="0.000014"/>
</kw>
<status status="NOT RUN" start="2025-06-08T22:46:09.505559" elapsed="0.000203"/>
</branch>
<status status="PASS" start="2025-06-08T22:46:09.368557" elapsed="0.137230"/>
</try>
<kw name="Run Keyword And Return Status" owner="BuiltIn">
<kw name="Page Should Contain Element" owner="SeleniumLibrary">
<msg time="2025-06-08T22:46:09.513689" level="INFO">Current page contains element 'css:h1'.</msg>
<arg>css:h1</arg>
<doc>Verifies that element ``locator`` is found on the current page.</doc>
<status status="PASS" start="2025-06-08T22:46:09.505944" elapsed="0.007897"/>
</kw>
<msg time="2025-06-08T22:46:09.514044" level="INFO">${conteudo_filme} = True</msg>
<var>${conteudo_filme}</var>
<arg>Page Should Contain Element</arg>
<arg>css:h1</arg>
<doc>Runs the given keyword with given arguments and returns the status as a Boolean value.</doc>
<status status="PASS" start="2025-06-08T22:46:09.505843" elapsed="0.008245"/>
</kw>
<if>
<branch type="IF" condition="${conteudo_filme}">
<kw name="Log To Console" owner="BuiltIn">
<arg>✅ Dados do filme carregados da API TMDB</arg>
<doc>Logs the given message to the console.</doc>
<status status="PASS" start="2025-06-08T22:46:09.514506" elapsed="0.000399"/>
</kw>
<status status="PASS" start="2025-06-08T22:46:09.514261" elapsed="0.000730"/>
</branch>
<status status="PASS" start="2025-06-08T22:46:09.514212" elapsed="0.000830"/>
</if>
<arg>${ID_FILME_TESTE}</arg>
<doc>Testa carregamento de página específica de filme</doc>
<status status="PASS" start="2025-06-08T22:46:07.927371" elapsed="1.587735"/>
</kw>
<kw name="Sleep" owner="BuiltIn">
<msg time="2025-06-08T22:46:11.515870" level="INFO">Slept 2 seconds.</msg>
<arg>2s</arg>
<doc>Pauses the test executed for the given time.</doc>
<status status="PASS" start="2025-06-08T22:46:09.515366" elapsed="2.000588"/>
</kw>
<kw name="Testar Navegacao Entre Filmes">
<kw name="Log To Console" owner="BuiltIn">
<arg>Testando navegação entre filmes...</arg>
<doc>Logs the given message to the console.</doc>
<status status="PASS" start="2025-06-08T22:46:11.516782" elapsed="0.000223"/>
</kw>
<kw name="Go To" owner="SeleniumLibrary">
<msg time="2025-06-08T22:46:11.517291" level="INFO">Opening url 'http://localhost:3000'</msg>
<arg>${URL_FRONTEND}</arg>
<doc>Navigates the current browser window to the provided ``url``.</doc>
<status status="PASS" start="2025-06-08T22:46:11.517127" elapsed="0.504015"/>
</kw>
<kw name="Run Keyword And Return Status" owner="BuiltIn">
<kw name="Wait Until Page Contains Element" owner="SeleniumLibrary">
<arg>css:a[href*="/filmes/"]</arg>
<arg>timeout=5s</arg>
<doc>Waits until the element ``locator`` appears on the current page.</doc>
<status status="PASS" start="2025-06-08T22:46:12.021528" elapsed="0.042491"/>
</kw>
<msg time="2025-06-08T22:46:12.064181" level="INFO">${link_filme_existe} = True</msg>
<var>${link_filme_existe}</var>
<arg>Wait Until Page Contains Element</arg>
<arg>css:a[href*="/filmes/"]</arg>
<arg>timeout=5s</arg>
<doc>Runs the given keyword with given arguments and returns the status as a Boolean value.</doc>
<status status="PASS" start="2025-06-08T22:46:12.021346" elapsed="0.042864"/>
</kw>
<if>
<branch type="IF" condition="${link_filme_existe}">
<kw name="Capture Page Screenshot" owner="SeleniumLibrary">
<msg time="2025-06-08T22:46:12.184810" level="INFO" html="true">&lt;/td&gt;&lt;/tr&gt;&lt;tr&gt;&lt;td colspan="3"&gt;&lt;a href="08-antes-clique-filme.png"&gt;&lt;img src="08-antes-clique-filme.png" width="800px"&gt;&lt;/a&gt;</msg>
<arg>08-antes-clique-filme.png</arg>
<doc>Takes a screenshot of the current page and embeds it into a log file.</doc>
<status status="PASS" start="2025-06-08T22:46:12.064488" elapsed="0.120521"/>
</kw>
<kw name="Click Element" owner="SeleniumLibrary">
<msg time="2025-06-08T22:46:12.185653" level="INFO">Clicking element 'css:a[href*="/filmes/"]'.</msg>
<arg>css:a[href*="/filmes/"]</arg>
<doc>Click the element identified by ``locator``.</doc>
<status status="PASS" start="2025-06-08T22:46:12.185326" elapsed="0.071846"/>
</kw>
<kw name="Sleep" owner="BuiltIn">
<msg time="2025-06-08T22:46:15.258719" level="INFO">Slept 3 seconds.</msg>
<arg>3s</arg>
<doc>Pauses the test executed for the given time.</doc>
<status status="PASS" start="2025-06-08T22:46:12.257541" elapsed="3.001586"/>
</kw>
<kw name="Capture Page Screenshot" owner="SeleniumLibrary">
<msg time="2025-06-08T22:46:15.434054" level="INFO" html="true">&lt;/td&gt;&lt;/tr&gt;&lt;tr&gt;&lt;td colspan="3"&gt;&lt;a href="09-apos-clique-filme.png"&gt;&lt;img src="09-apos-clique-filme.png" width="800px"&gt;&lt;/a&gt;</msg>
<arg>09-apos-clique-filme.png</arg>
<doc>Takes a screenshot of the current page and embeds it into a log file.</doc>
<status status="PASS" start="2025-06-08T22:46:15.259948" elapsed="0.174188"/>
</kw>
<kw name="Log To Console" owner="BuiltIn">
<arg>✅ Navegação entre filmes funcionando</arg>
<doc>Logs the given message to the console.</doc>
<status status="PASS" start="2025-06-08T22:46:15.434247" elapsed="0.000197"/>
</kw>
<status status="PASS" start="2025-06-08T22:46:12.064322" elapsed="3.370179"/>
</branch>
<branch type="ELSE">
<kw name="Capture Page Screenshot" owner="SeleniumLibrary">
<arg>08-links-filmes-nao-encontrados.png</arg>
<doc>Takes a screenshot of the current page and embeds it into a log file.</doc>
<status status="NOT RUN" start="2025-06-08T22:46:15.434728" elapsed="0.000031"/>
</kw>
<kw name="Log To Console" owner="BuiltIn">
<arg>Links de filmes não encontrados, mas API funcionando</arg>
<doc>Logs the given message to the console.</doc>
<status status="NOT RUN" start="2025-06-08T22:46:15.434876" elapsed="0.000041"/>
</kw>
<status status="NOT RUN" start="2025-06-08T22:46:15.434588" elapsed="0.000394"/>
</branch>
<status status="PASS" start="2025-06-08T22:46:12.064293" elapsed="3.370744"/>
</if>
<doc>Testa navegação entre diferentes filmes</doc>
<status status="PASS" start="2025-06-08T22:46:11.516491" elapsed="3.918649"/>
</kw>
<kw name="Sleep" owner="BuiltIn">
<msg time="2025-06-08T22:46:17.436032" level="INFO">Slept 2 seconds.</msg>
<arg>2s</arg>
<doc>Pauses the test executed for the given time.</doc>
<status status="PASS" start="2025-06-08T22:46:15.435420" elapsed="2.000850"/>
</kw>
<kw name="Verificar Tratamento Erros API">
<kw name="Log To Console" owner="BuiltIn">
<arg>Testando tratamento de erros da API...</arg>
<doc>Logs the given message to the console.</doc>
<status status="PASS" start="2025-06-08T22:46:17.438166" elapsed="0.000795"/>
</kw>
<kw name="Go To" owner="SeleniumLibrary">
<msg time="2025-06-08T22:46:17.439650" level="INFO">Opening url 'http://localhost:3000/filmes/999999999'</msg>
<arg>${URL_FRONTEND}/filmes/999999999</arg>
<doc>Navigates the current browser window to the provided ``url``.</doc>
<status status="PASS" start="2025-06-08T22:46:17.439400" elapsed="0.417596"/>
</kw>
<kw name="Sleep" owner="BuiltIn">
<msg time="2025-06-08T22:46:22.857978" level="INFO">Slept 5 seconds.</msg>
<arg>5s</arg>
<doc>Pauses the test executed for the given time.</doc>
<status status="PASS" start="2025-06-08T22:46:17.857197" elapsed="5.001111"/>
</kw>
<kw name="Capture Page Screenshot" owner="SeleniumLibrary">
<msg time="2025-06-08T22:46:22.955547" level="INFO" html="true">&lt;/td&gt;&lt;/tr&gt;&lt;tr&gt;&lt;td colspan="3"&gt;&lt;a href="10-tratamento-erro-api.png"&gt;&lt;img src="10-tratamento-erro-api.png" width="800px"&gt;&lt;/a&gt;</msg>
<arg>10-tratamento-erro-api.png</arg>
<doc>Takes a screenshot of the current page and embeds it into a log file.</doc>
<status status="PASS" start="2025-06-08T22:46:22.858769" elapsed="0.096859"/>
</kw>
<kw name="Log To Console" owner="BuiltIn">
<arg>✅ Aplicação lidou bem com erros da API</arg>
<doc>Logs the given message to the console.</doc>
<status status="PASS" start="2025-06-08T22:46:22.955744" elapsed="0.000265"/>
</kw>
<doc>Testa como a aplicação lida com erros da API</doc>
<status status="PASS" start="2025-06-08T22:46:17.437672" elapsed="5.518402"/>
</kw>
<kw name="Sleep" owner="BuiltIn">
<msg time="2025-06-08T22:46:25.956633" level="INFO">Slept 3 seconds.</msg>
<arg>3s</arg>
<doc>Pauses the test executed for the given time.</doc>
<status status="PASS" start="2025-06-08T22:46:22.956196" elapsed="3.002091"/>
</kw>
<kw name="Fechar Navegador">
<kw name="Close Browser" owner="SeleniumLibrary">
<doc>Closes the current browser.</doc>
<status status="PASS" start="2025-06-08T22:46:25.960440" elapsed="2.197073"/>
</kw>
<kw name="Log To Console" owner="BuiltIn">
<arg>Navegador fechado</arg>
<doc>Logs the given message to the console.</doc>
<status status="PASS" start="2025-06-08T22:46:28.158119" elapsed="0.000750"/>
</kw>
<doc>Fecha o navegador</doc>
<status status="PASS" start="2025-06-08T22:46:25.959252" elapsed="2.199729"/>
</kw>
<kw name="Log To Console" owner="BuiltIn">
<arg>\n✅ Teste Visual de Integração com TMDB Completo!</arg>
<doc>Logs the given message to the console.</doc>
<status status="PASS" start="2025-06-08T22:46:28.159303" elapsed="0.000393"/>
</kw>
<kw name="Log To Console" owner="BuiltIn">
<arg>API TMDB integrada com sucesso!</arg>
<doc>Logs the given message to the console.</doc>
<status status="PASS" start="2025-06-08T22:46:28.159988" elapsed="0.000319"/>
</kw>
<doc>Teste de integração com API TMDB usando Selenium</doc>
<tag>selenium</tag>
<tag>tmdb</tag>
<tag>visual</tag>
<status status="PASS" start="2025-06-08T22:45:48.717998" elapsed="39.442670"/>
</test>
<doc>Teste de integração com API TMDB usando Selenium</doc>
<status status="PASS" start="2025-06-08T22:45:48.423474" elapsed="39.738519"/>
</suite>
<statistics>
<total>
<stat pass="1" fail="0" skip="0">All Tests</stat>
</total>
<tag>
<stat pass="1" fail="0" skip="0">selenium</stat>
<stat pass="1" fail="0" skip="0">tmdb</stat>
<stat pass="1" fail="0" skip="0">visual</stat>
</tag>
<suite>
<stat name="Tmdb Api Test" id="s1" pass="1" fail="0" skip="0">Tmdb Api Test</stat>
</suite>
</statistics>
<errors>
</errors>
</robot>
