<?xml version="1.0" encoding="UTF-8"?>
<robot generator="Robot 7.2.2 (Python 3.13.3 on win32)" generated="2025-06-09T16:05:13.127207" rpa="false" schemaversion="5">
<suite id="s1" name="Database Test" source="C:\Users\arthu\Code\nextFilm\testes\integracaoBD\database_test.robot">
<test id="s1-t1" name="Teste Cadastro E Login" line="112">
<kw name="Given que o navegador é aberto na página de cadastro">
<kw name="Open Browser" owner="SeleniumLibrary">
<msg time="2025-06-09T16:05:13.308444" level="INFO">Opening browser 'chrome' to base url 'http://localhost:3000'.</msg>
<arg>${URL_FRONTEND}</arg>
<arg>${NAVEGADOR}</arg>
<doc>Opens a new browser instance to the optional ``url``.</doc>
<status status="PASS" start="2025-06-09T16:05:13.308288" elapsed="1.912923"/>
</kw>
<kw name="Maximize Browser Window" owner="SeleniumLibrary">
<doc>Maximizes current browser window.</doc>
<status status="PASS" start="2025-06-09T16:05:15.221393" elapsed="0.049446"/>
</kw>
<kw name="Set Selenium Timeout" owner="SeleniumLibrary">
<arg>${TIMEOUT}</arg>
<doc>Sets the timeout that is used by various keywords.</doc>
<status status="PASS" start="2025-06-09T16:05:15.271082" elapsed="0.003441"/>
</kw>
<kw name="Capture Page Screenshot" owner="SeleniumLibrary">
<msg time="2025-06-09T16:05:15.438243" level="INFO" html="true">&lt;/td&gt;&lt;/tr&gt;&lt;tr&gt;&lt;td colspan="3"&gt;&lt;a href="01-site-aberto.png"&gt;&lt;img src="01-site-aberto.png" width="800px"&gt;&lt;/a&gt;</msg>
<arg>01-site-aberto.png</arg>
<doc>Takes a screenshot of the current page and embeds it into a log file.</doc>
<status status="PASS" start="2025-06-09T16:05:15.274876" elapsed="0.163493"/>
</kw>
<kw name="Log To Console" owner="BuiltIn">
<arg>Navegador aberto</arg>
<doc>Logs the given message to the console.</doc>
<status status="PASS" start="2025-06-09T16:05:15.438505" elapsed="0.000331"/>
</kw>
<kw name="Go To" owner="SeleniumLibrary">
<msg time="2025-06-09T16:05:15.439124" level="INFO">Opening url 'http://localhost:3000/auth/signup'</msg>
<arg>${URL_FRONTEND}/auth/signup</arg>
<doc>Navigates the current browser window to the provided ``url``.</doc>
<status status="PASS" start="2025-06-09T16:05:15.438993" elapsed="0.344683"/>
</kw>
<kw name="Wait Until Page Contains" owner="SeleniumLibrary">
<arg>Criar conta</arg>
<arg>timeout=${TIMEOUT}</arg>
<doc>Waits until ``text`` appears on the current page.</doc>
<status status="PASS" start="2025-06-09T16:05:15.783891" elapsed="0.034420"/>
</kw>
<kw name="Capture Page Screenshot" owner="SeleniumLibrary">
<msg time="2025-06-09T16:05:16.019427" level="INFO" html="true">&lt;/td&gt;&lt;/tr&gt;&lt;tr&gt;&lt;td colspan="3"&gt;&lt;a href="02-pagina-cadastro.png"&gt;&lt;img src="02-pagina-cadastro.png" width="800px"&gt;&lt;/a&gt;</msg>
<arg>02-pagina-cadastro.png</arg>
<doc>Takes a screenshot of the current page and embeds it into a log file.</doc>
<status status="PASS" start="2025-06-09T16:05:15.818457" elapsed="0.201059"/>
</kw>
<kw name="Log To Console" owner="BuiltIn">
<arg>Página de cadastro carregada</arg>
<doc>Logs the given message to the console.</doc>
<status status="PASS" start="2025-06-09T16:05:16.019649" elapsed="0.000312"/>
</kw>
<status status="PASS" start="2025-06-09T16:05:13.307887" elapsed="2.712164"/>
</kw>
<kw name="When o usuário preenche o formulário de cadastro">
<kw name="Input Text" owner="SeleniumLibrary">
<msg time="2025-06-09T16:05:16.020837" level="INFO">Typing text 'Robozao4' into text field 'id:firstName'.</msg>
<arg>id:firstName</arg>
<arg>${NOME_TESTE}</arg>
<doc>Types the given ``text`` into the text field identified by ``locator``.</doc>
<status status="PASS" start="2025-06-09T16:05:16.020616" elapsed="0.084098"/>
</kw>
<kw name="Input Text" owner="SeleniumLibrary">
<msg time="2025-06-09T16:05:16.105040" level="INFO">Typing text 'Teste' into text field 'id:lastName'.</msg>
<arg>id:lastName</arg>
<arg>${SOBRENOME_TESTE}</arg>
<doc>Types the given ``text`` into the text field identified by ``locator``.</doc>
<status status="PASS" start="2025-06-09T16:05:16.104862" elapsed="0.066347"/>
</kw>
<kw name="Input Text" owner="SeleniumLibrary">
<msg time="2025-06-09T16:05:16.171534" level="INFO">Typing text 'robozao_teste4' into text field 'id:username'.</msg>
<arg>id:username</arg>
<arg>${USUARIO_TESTE}</arg>
<doc>Types the given ``text`` into the text field identified by ``locator``.</doc>
<status status="PASS" start="2025-06-09T16:05:16.171357" elapsed="0.093170"/>
</kw>
<kw name="Input Text" owner="SeleniumLibrary">
<msg time="2025-06-09T16:05:16.264832" level="INFO">Typing text 'teste-do-robozao4@email.com' into text field 'id:email'.</msg>
<arg>id:email</arg>
<arg>${EMAIL_TESTE}</arg>
<doc>Types the given ``text`` into the text field identified by ``locator``.</doc>
<status status="PASS" start="2025-06-09T16:05:16.264663" elapsed="0.095902"/>
</kw>
<kw name="Input Text" owner="SeleniumLibrary">
<msg time="2025-06-09T16:05:16.361253" level="INFO">Typing text 'senha123' into text field 'id:password'.</msg>
<arg>id:password</arg>
<arg>${SENHA_TESTE}</arg>
<doc>Types the given ``text`` into the text field identified by ``locator``.</doc>
<status status="PASS" start="2025-06-09T16:05:16.360811" elapsed="0.071816"/>
</kw>
<kw name="Input Text" owner="SeleniumLibrary">
<msg time="2025-06-09T16:05:16.433007" level="INFO">Typing text 'senha123' into text field 'id:confirmPassword'.</msg>
<arg>id:confirmPassword</arg>
<arg>${SENHA_TESTE}</arg>
<doc>Types the given ``text`` into the text field identified by ``locator``.</doc>
<status status="PASS" start="2025-06-09T16:05:16.432794" elapsed="0.066064"/>
</kw>
<kw name="Click Element" owner="SeleniumLibrary">
<msg time="2025-06-09T16:05:16.499120" level="INFO">Clicking element 'id:terms'.</msg>
<arg>id:terms</arg>
<doc>Click the element identified by ``locator``.</doc>
<status status="PASS" start="2025-06-09T16:05:16.498989" elapsed="0.044440"/>
</kw>
<kw name="Capture Page Screenshot" owner="SeleniumLibrary">
<msg time="2025-06-09T16:05:16.730939" level="INFO" html="true">&lt;/td&gt;&lt;/tr&gt;&lt;tr&gt;&lt;td colspan="3"&gt;&lt;a href="03-formulario-preenchido.png"&gt;&lt;img src="03-formulario-preenchido.png" width="800px"&gt;&lt;/a&gt;</msg>
<arg>03-formulario-preenchido.png</arg>
<doc>Takes a screenshot of the current page and embeds it into a log file.</doc>
<status status="PASS" start="2025-06-09T16:05:16.543554" elapsed="0.187470"/>
</kw>
<kw name="Log To Console" owner="BuiltIn">
<arg>Formulário preenchido</arg>
<doc>Logs the given message to the console.</doc>
<status status="PASS" start="2025-06-09T16:05:16.731144" elapsed="0.000206"/>
</kw>
<status status="PASS" start="2025-06-09T16:05:16.020417" elapsed="0.711020"/>
</kw>
<kw name="And clica no botão &quot;Criar conta&quot;">
<kw name="Click Button" owner="SeleniumLibrary">
<msg time="2025-06-09T16:05:16.731962" level="INFO">Clicking button 'xpath://button[@type="submit" and contains(text(), "Criar conta")]'.</msg>
<arg>xpath://button[@type="submit" and contains(text(), "Criar conta")]</arg>
<doc>Clicks the button identified by ``locator``.</doc>
<status status="PASS" start="2025-06-09T16:05:16.731844" elapsed="0.057205"/>
</kw>
<try>
<branch type="TRY">
<kw name="Wait Until Page Contains" owner="SeleniumLibrary">
<arg>Conta criada</arg>
<arg>timeout=10s</arg>
<doc>Waits until ``text`` appears on the current page.</doc>
<status status="PASS" start="2025-06-09T16:05:16.789569" elapsed="0.215903"/>
</kw>
<kw name="Capture Page Screenshot" owner="SeleniumLibrary">
<msg time="2025-06-09T16:05:17.221398" level="INFO" html="true">&lt;/td&gt;&lt;/tr&gt;&lt;tr&gt;&lt;td colspan="3"&gt;&lt;a href="04-cadastro-sucesso.png"&gt;&lt;img src="04-cadastro-sucesso.png" width="800px"&gt;&lt;/a&gt;</msg>
<arg>04-cadastro-sucesso.png</arg>
<doc>Takes a screenshot of the current page and embeds it into a log file.</doc>
<status status="PASS" start="2025-06-09T16:05:17.005609" elapsed="0.215886"/>
</kw>
<kw name="Log To Console" owner="BuiltIn">
<arg>✅ Cadastro realizado com sucesso - dados salvos no banco!</arg>
<doc>Logs the given message to the console.</doc>
<status status="PASS" start="2025-06-09T16:05:17.221622" elapsed="0.000364"/>
</kw>
<status status="PASS" start="2025-06-09T16:05:16.789310" elapsed="0.432883"/>
</branch>
<branch type="EXCEPT">
<kw name="Capture Page Screenshot" owner="SeleniumLibrary">
<arg>04-cadastro-erro.png</arg>
<doc>Takes a screenshot of the current page and embeds it into a log file.</doc>
<status status="NOT RUN" start="2025-06-09T16:05:17.222371" elapsed="0.000036"/>
</kw>
<kw name="Log To Console" owner="BuiltIn">
<arg>Usuário pode já existir no banco</arg>
<doc>Logs the given message to the console.</doc>
<status status="NOT RUN" start="2025-06-09T16:05:17.222476" elapsed="0.000015"/>
</kw>
<status status="NOT RUN" start="2025-06-09T16:05:17.222264" elapsed="0.000249"/>
</branch>
<status status="PASS" start="2025-06-09T16:05:16.789194" elapsed="0.433350"/>
</try>
<status status="PASS" start="2025-06-09T16:05:16.731680" elapsed="0.490903"/>
</kw>
<kw name="Then o usuário é redirecionado para página de login">
<kw name="Go To" owner="SeleniumLibrary">
<msg time="2025-06-09T16:05:17.223031" level="INFO">Opening url 'http://localhost:3000/auth/signin'</msg>
<arg>${URL_FRONTEND}/auth/signin</arg>
<doc>Navigates the current browser window to the provided ``url``.</doc>
<status status="PASS" start="2025-06-09T16:05:17.222951" elapsed="0.315816"/>
</kw>
<kw name="Wait Until Page Contains" owner="SeleniumLibrary">
<arg>Entrar</arg>
<arg>timeout=${TIMEOUT}</arg>
<doc>Waits until ``text`` appears on the current page.</doc>
<status status="PASS" start="2025-06-09T16:05:17.538897" elapsed="0.031163"/>
</kw>
<kw name="Capture Page Screenshot" owner="SeleniumLibrary">
<msg time="2025-06-09T16:05:17.797661" level="INFO" html="true">&lt;/td&gt;&lt;/tr&gt;&lt;tr&gt;&lt;td colspan="3"&gt;&lt;a href="05-pagina-login.png"&gt;&lt;img src="05-pagina-login.png" width="800px"&gt;&lt;/a&gt;</msg>
<arg>05-pagina-login.png</arg>
<doc>Takes a screenshot of the current page and embeds it into a log file.</doc>
<status status="PASS" start="2025-06-09T16:05:17.570198" elapsed="0.227580"/>
</kw>
<kw name="Log To Console" owner="BuiltIn">
<arg>Página de login carregada</arg>
<doc>Logs the given message to the console.</doc>
<status status="PASS" start="2025-06-09T16:05:17.797917" elapsed="0.000480"/>
</kw>
<status status="PASS" start="2025-06-09T16:05:17.222813" elapsed="0.575932"/>
</kw>
<kw name="And usuário preenche dados de login">
<kw name="Input Text" owner="SeleniumLibrary">
<msg time="2025-06-09T16:05:17.799629" level="INFO">Typing text 'teste-do-robozao4@email.com' into text field 'name:email'.</msg>
<arg>name:email</arg>
<arg>${EMAIL_TESTE}</arg>
<doc>Types the given ``text`` into the text field identified by ``locator``.</doc>
<status status="PASS" start="2025-06-09T16:05:17.799502" elapsed="0.098218"/>
</kw>
<kw name="Input Text" owner="SeleniumLibrary">
<msg time="2025-06-09T16:05:17.898089" level="INFO">Typing text 'senha123' into text field 'name:senha'.</msg>
<arg>name:senha</arg>
<arg>${SENHA_TESTE}</arg>
<doc>Types the given ``text`` into the text field identified by ``locator``.</doc>
<status status="PASS" start="2025-06-09T16:05:17.897913" elapsed="0.071513"/>
</kw>
<kw name="Capture Page Screenshot" owner="SeleniumLibrary">
<msg time="2025-06-09T16:05:18.186177" level="INFO" html="true">&lt;/td&gt;&lt;/tr&gt;&lt;tr&gt;&lt;td colspan="3"&gt;&lt;a href="06-dados-login.png"&gt;&lt;img src="06-dados-login.png" width="800px"&gt;&lt;/a&gt;</msg>
<arg>06-dados-login.png</arg>
<doc>Takes a screenshot of the current page and embeds it into a log file.</doc>
<status status="PASS" start="2025-06-09T16:05:17.969653" elapsed="0.216601"/>
</kw>
<kw name="Log To Console" owner="BuiltIn">
<arg>Dados de login preenchidos</arg>
<doc>Logs the given message to the console.</doc>
<status status="PASS" start="2025-06-09T16:05:18.186380" elapsed="0.000222"/>
</kw>
<status status="PASS" start="2025-06-09T16:05:17.799285" elapsed="0.387385"/>
</kw>
<kw name="When clica no botão &quot;Entrar&quot;">
<try>
<branch type="TRY">
<kw name="Click Button" owner="SeleniumLibrary">
<msg time="2025-06-09T16:05:18.187286" level="INFO">Clicking button 'xpath://button[contains(text(), "Entrar")]'.</msg>
<arg>xpath://button[contains(text(), "Entrar")]</arg>
<doc>Clicks the button identified by ``locator``.</doc>
<status status="PASS" start="2025-06-09T16:05:18.187193" elapsed="0.067322"/>
</kw>
<status status="PASS" start="2025-06-09T16:05:18.187133" elapsed="0.067490"/>
</branch>
<branch type="EXCEPT">
<try>
<branch type="TRY">
<kw name="Click Button" owner="SeleniumLibrary">
<arg>xpath://button[@type="submit"]</arg>
<doc>Clicks the button identified by ``locator``.</doc>
<status status="NOT RUN" start="2025-06-09T16:05:18.254937" elapsed="0.000031"/>
</kw>
<status status="NOT RUN" start="2025-06-09T16:05:18.254809" elapsed="0.000203"/>
</branch>
<branch type="EXCEPT">
<try>
<branch type="TRY">
<kw name="Click Button" owner="SeleniumLibrary">
<arg>css:button[type="submit"]</arg>
<doc>Clicks the button identified by ``locator``.</doc>
<status status="NOT RUN" start="2025-06-09T16:05:18.255197" elapsed="0.000024"/>
</kw>
<status status="NOT RUN" start="2025-06-09T16:05:18.255121" elapsed="0.000138"/>
</branch>
<branch type="EXCEPT">
<kw name="Click Element" owner="SeleniumLibrary">
<arg>xpath://button[contains(@class, "bg-rose-600")]</arg>
<doc>Click the element identified by ``locator``.</doc>
<status status="NOT RUN" start="2025-06-09T16:05:18.255385" elapsed="0.000024"/>
</kw>
<status status="NOT RUN" start="2025-06-09T16:05:18.255302" elapsed="0.000144"/>
</branch>
<status status="NOT RUN" start="2025-06-09T16:05:18.255100" elapsed="0.000387"/>
</try>
<status status="NOT RUN" start="2025-06-09T16:05:18.255062" elapsed="0.000451"/>
</branch>
<status status="NOT RUN" start="2025-06-09T16:05:18.254781" elapsed="0.000766"/>
</try>
<status status="NOT RUN" start="2025-06-09T16:05:18.254714" elapsed="0.000853"/>
</branch>
<status status="PASS" start="2025-06-09T16:05:18.187109" elapsed="0.068492"/>
</try>
<try>
<branch type="TRY">
<kw name="Wait Until Location Is" owner="SeleniumLibrary">
<arg>${URL_FRONTEND}/</arg>
<arg>timeout=10s</arg>
<doc>Waits until the current URL is ``expected``.</doc>
<status status="PASS" start="2025-06-09T16:05:18.255722" elapsed="0.212645"/>
</kw>
<kw name="Wait Until Page Contains" owner="SeleniumLibrary">
<arg>NextFilm</arg>
<arg>timeout=5s</arg>
<doc>Waits until ``text`` appears on the current page.</doc>
<status status="PASS" start="2025-06-09T16:05:18.468568" elapsed="0.014842"/>
</kw>
<kw name="Sleep" owner="BuiltIn">
<msg time="2025-06-09T16:05:20.484267" level="INFO">Slept 2 seconds.</msg>
<arg>2s</arg>
<doc>Pauses the test executed for the given time.</doc>
<status status="PASS" start="2025-06-09T16:05:18.483673" elapsed="2.000720"/>
</kw>
<kw name="Capture Page Screenshot" owner="SeleniumLibrary">
<msg time="2025-06-09T16:05:20.578017" level="INFO" html="true">&lt;/td&gt;&lt;/tr&gt;&lt;tr&gt;&lt;td colspan="3"&gt;&lt;a href="07-pagina-principal.png"&gt;&lt;img src="07-pagina-principal.png" width="800px"&gt;&lt;/a&gt;</msg>
<arg>07-pagina-principal.png</arg>
<doc>Takes a screenshot of the current page and embeds it into a log file.</doc>
<status status="PASS" start="2025-06-09T16:05:20.484594" elapsed="0.093570"/>
</kw>
<kw name="Log To Console" owner="BuiltIn">
<arg>✅ Login realizado com sucesso - dados lidos do banco!</arg>
<doc>Logs the given message to the console.</doc>
<status status="PASS" start="2025-06-09T16:05:20.578427" elapsed="0.000376"/>
</kw>
<status status="PASS" start="2025-06-09T16:05:18.255655" elapsed="2.323204"/>
</branch>
<branch type="EXCEPT">
<try>
<branch type="TRY">
<kw name="Wait Until Page Contains" owner="SeleniumLibrary">
<arg>NextFilm</arg>
<arg>timeout=5s</arg>
<doc>Waits until ``text`` appears on the current page.</doc>
<status status="NOT RUN" start="2025-06-09T16:05:20.579013" elapsed="0.000016"/>
</kw>
<kw name="Sleep" owner="BuiltIn">
<arg>2s</arg>
<doc>Pauses the test executed for the given time.</doc>
<status status="NOT RUN" start="2025-06-09T16:05:20.579080" elapsed="0.000084"/>
</kw>
<kw name="Capture Page Screenshot" owner="SeleniumLibrary">
<arg>07-pagina-principal.png</arg>
<doc>Takes a screenshot of the current page and embeds it into a log file.</doc>
<status status="NOT RUN" start="2025-06-09T16:05:20.579221" elapsed="0.000023"/>
</kw>
<kw name="Log To Console" owner="BuiltIn">
<arg>✅ Login realizado com sucesso!</arg>
<doc>Logs the given message to the console.</doc>
<status status="NOT RUN" start="2025-06-09T16:05:20.579291" elapsed="0.000013"/>
</kw>
<status status="NOT RUN" start="2025-06-09T16:05:20.578950" elapsed="0.000380"/>
</branch>
<branch type="EXCEPT">
<kw name="Capture Page Screenshot" owner="SeleniumLibrary">
<arg>07-login-erro.png</arg>
<doc>Takes a screenshot of the current page and embeds it into a log file.</doc>
<status status="NOT RUN" start="2025-06-09T16:05:20.579408" elapsed="0.000013"/>
</kw>
<kw name="Log To Console" owner="BuiltIn">
<arg>Erro no login - verificar credenciais</arg>
<doc>Logs the given message to the console.</doc>
<status status="NOT RUN" start="2025-06-09T16:05:20.579478" elapsed="0.000015"/>
</kw>
<status status="NOT RUN" start="2025-06-09T16:05:20.579361" elapsed="0.000170"/>
</branch>
<status status="NOT RUN" start="2025-06-09T16:05:20.578935" elapsed="0.000642"/>
</try>
<status status="NOT RUN" start="2025-06-09T16:05:20.578902" elapsed="0.000689"/>
</branch>
<status status="PASS" start="2025-06-09T16:05:18.255635" elapsed="2.323974"/>
</try>
<status status="PASS" start="2025-06-09T16:05:18.186970" elapsed="2.392671"/>
</kw>
<kw name="Then o login é realizado com sucesso">
<kw name="Wait Until Page Contains" owner="SeleniumLibrary">
<arg>NextFilm</arg>
<arg>timeout=${TIMEOUT}</arg>
<doc>Waits until ``text`` appears on the current page.</doc>
<status status="PASS" start="2025-06-09T16:05:20.580038" elapsed="0.005748"/>
</kw>
<status status="PASS" start="2025-06-09T16:05:20.579898" elapsed="0.006002"/>
</kw>
<kw name="Sleep" owner="BuiltIn">
<msg time="2025-06-09T16:05:23.586738" level="INFO">Slept 3 seconds.</msg>
<arg>3s</arg>
<doc>Pauses the test executed for the given time.</doc>
<status status="PASS" start="2025-06-09T16:05:20.586148" elapsed="3.000746"/>
</kw>
<kw name="Fechar Navegador">
<kw name="Close Browser" owner="SeleniumLibrary">
<doc>Closes the current browser.</doc>
<status status="PASS" start="2025-06-09T16:05:23.587816" elapsed="2.178762"/>
</kw>
<status status="PASS" start="2025-06-09T16:05:23.587425" elapsed="2.179510"/>
</kw>
<status status="PASS" start="2025-06-09T16:05:13.307359" elapsed="12.460939"/>
</test>
<doc>Teste de integração com banco de dados</doc>
<status status="PASS" start="2025-06-09T16:05:13.128236" elapsed="12.641980"/>
</suite>
<statistics>
<total>
<stat pass="1" fail="0" skip="0">All Tests</stat>
</total>
<tag>
</tag>
<suite>
<stat name="Database Test" id="s1" pass="1" fail="0" skip="0">Database Test</stat>
</suite>
</statistics>
<errors>
</errors>
</robot>
